  0%|          | 0/9 [00:00<?, ?it/s] 11%|█         | 1/9 [00:02<00:16,  2.10s/it] 22%|██▏       | 2/9 [00:03<00:13,  1.91s/it] 33%|███▎      | 3/9 [00:05<00:10,  1.77s/it] 44%|████▍     | 4/9 [00:06<00:08,  1.73s/it] 56%|█████▌    | 5/9 [00:08<00:06,  1.66s/it] 67%|██████▋   | 6/9 [00:09<00:04,  1.58s/it] 78%|███████▊  | 7/9 [00:10<00:02,  1.47s/it] 89%|████████▉ | 8/9 [00:12<00:01,  1.41s/it]100%|██████████| 9/9 [00:13<00:00,  1.35s/it]
  0%|          | 0/1 [00:00<?, ?it/s]100%|██████████| 1/1 [00:01<00:00,  1.30s/it]
  0%|          | 0/837 [00:00<?, ?it/s]
Traceback (most recent call last):
  File "../../standalone/CompoundScalling/CompoundScalling1.py", line 137, in <module>
    x, y = train_dataset.validation
  File "../../src/generators.py", line 43, in validation
    feature = self.dataset.extract_feature(raw_audio)
TypeError: extract_feature() missing 1 required positional argument: 'raw_data'
srun: error: gpu-nc05: task 0: Exited with exit code 1
  0%|          | 0/9 [00:00<?, ?it/s] 11%|█         | 1/9 [00:00<00:07,  1.03it/s] 22%|██▏       | 2/9 [00:01<00:06,  1.02it/s] 33%|███▎      | 3/9 [00:03<00:06,  1.01s/it] 44%|████▍     | 4/9 [00:04<00:05,  1.05s/it] 56%|█████▌    | 5/9 [00:05<00:04,  1.09s/it] 67%|██████▋   | 6/9 [00:06<00:03,  1.05s/it] 78%|███████▊  | 7/9 [00:07<00:02,  1.03s/it] 89%|████████▉ | 8/9 [00:08<00:01,  1.02s/it]100%|██████████| 9/9 [00:09<00:00,  1.00it/s]
  0%|          | 0/1 [00:00<?, ?it/s]100%|██████████| 1/1 [00:00<00:00,  1.04it/s]
  0%|          | 0/837 [00:00<?, ?it/s]
Traceback (most recent call last):
  File "../../standalone/CompoundScalling/CompoundScalling1.py", line 137, in <module>
    x, y = train_dataset.validation
  File "../../src/generators.py", line 43, in validation
    feature = self.dataset.extract_feature(raw_audio)
TypeError: extract_feature() missing 1 required positional argument: 'raw_data'
srun: error: gpu-nc02: task 0: Exited with exit code 1
  0%|          | 0/9 [00:00<?, ?it/s]  0%|          | 0/9 [00:00<?, ?it/s] 11%|█         | 1/9 [00:01<00:08,  1.09s/it] 11%|█         | 1/9 [00:01<00:09,  1.25s/it] 22%|██▏       | 2/9 [00:02<00:07,  1.07s/it] 22%|██▏       | 2/9 [00:02<00:08,  1.28s/it] 33%|███▎      | 3/9 [00:03<00:06,  1.06s/it] 33%|███▎      | 3/9 [00:04<00:07,  1.32s/it] 44%|████▍     | 4/9 [00:04<00:05,  1.07s/it] 44%|████▍     | 4/9 [00:05<00:06,  1.30s/it] 56%|█████▌    | 5/9 [00:05<00:04,  1.06s/it] 67%|██████▋   | 6/9 [00:06<00:03,  1.03s/it] 56%|█████▌    | 5/9 [00:06<00:05,  1.32s/it] 78%|███████▊  | 7/9 [00:07<00:02,  1.04s/it] 67%|██████▋   | 6/9 [00:07<00:03,  1.29s/it] 89%|████████▉ | 8/9 [00:08<00:01,  1.03s/it] 78%|███████▊  | 7/9 [00:08<00:02,  1.24s/it]100%|██████████| 9/9 [00:09<00:00,  1.03s/it]
  0%|          | 0/1 [00:00<?, ?it/s] 89%|████████▉ | 8/9 [00:10<00:01,  1.22s/it]100%|██████████| 1/1 [00:00<00:00,  1.05it/s]100%|██████████| 9/9 [00:11<00:00,  1.20s/it]
  0%|          | 0/1 [00:00<?, ?it/s]
  0%|          | 0/837 [00:00<?, ?it/s]
Traceback (most recent call last):
  File "../../standalone/CompoundScalling/CompoundScalling1.py", line 137, in <module>
    x, y = train_dataset.validation
  File "../../src/generators.py", line 43, in validation
    feature = self.dataset.extract_feature(raw_audio)
TypeError: extract_feature() missing 1 required positional argument: 'raw_data'
100%|██████████| 1/1 [00:01<00:00,  1.23s/it]srun: error: gpu-nc02: task 0: Exited with exit code 1

  0%|          | 0/837 [00:00<?, ?it/s]
Traceback (most recent call last):
  File "../../standalone/CompoundScalling/CompoundScalling1.py", line 137, in <module>
    x, y = train_dataset.validation
  File "../../src/generators.py", line 43, in validation
    feature = self.dataset.extract_feature(raw_audio)
TypeError: extract_feature() missing 1 required positional argument: 'raw_data'
srun: error: gpu-nc05: task 0: Exited with exit code 1
  0%|          | 0/9 [00:00<?, ?it/s]  0%|          | 0/9 [00:00<?, ?it/s] 11%|█         | 1/9 [00:01<00:10,  1.26s/it] 11%|█         | 1/9 [00:01<00:08,  1.03s/it] 22%|██▏       | 2/9 [00:02<00:07,  1.03s/it] 22%|██▏       | 2/9 [00:02<00:08,  1.26s/it] 33%|███▎      | 3/9 [00:03<00:06,  1.02s/it] 33%|███▎      | 3/9 [00:03<00:07,  1.28s/it] 44%|████▍     | 4/9 [00:04<00:05,  1.05s/it] 44%|████▍     | 4/9 [00:05<00:06,  1.30s/it] 56%|█████▌    | 5/9 [00:05<00:04,  1.08s/it] 56%|█████▌    | 5/9 [00:06<00:05,  1.31s/it] 67%|██████▋   | 6/9 [00:06<00:03,  1.03s/it] 78%|███████▊  | 7/9 [00:07<00:02,  1.05s/it] 67%|██████▋   | 6/9 [00:07<00:03,  1.28s/it] 89%|████████▉ | 8/9 [00:08<00:01,  1.03s/it] 78%|███████▊  | 7/9 [00:08<00:02,  1.25s/it]100%|██████████| 9/9 [00:09<00:00,  1.02s/it] 89%|████████▉ | 8/9 [00:10<00:01,  1.24s/it]
  0%|          | 0/1 [00:00<?, ?it/s]100%|██████████| 1/1 [00:00<00:00,  1.06it/s]100%|██████████| 9/9 [00:11<00:00,  1.25s/it]
  0%|          | 0/1 [00:00<?, ?it/s]
  0%|          | 0/837 [00:00<?, ?it/s]
Traceback (most recent call last):
  File "../../standalone/CompoundScalling/CompoundScalling1.py", line 137, in <module>
    x, y = train_dataset.validation
  File "../../src/generators.py", line 43, in validation
    feature = self.dataset.extract_feature(raw_audio)
TypeError: extract_feature() missing 1 required positional argument: 'raw_data'
100%|██████████| 1/1 [00:01<00:00,  1.24s/it]srun: error: gpu-nc02: task 0: Exited with exit code 1

  0%|          | 0/837 [00:00<?, ?it/s]
Traceback (most recent call last):
  File "../../standalone/CompoundScalling/CompoundScalling1.py", line 137, in <module>
    x, y = train_dataset.validation
  File "../../src/generators.py", line 43, in validation
    feature = self.dataset.extract_feature(raw_audio)
TypeError: extract_feature() missing 1 required positional argument: 'raw_data'
srun: error: gpu-nc05: task 0: Exited with exit code 1
  0%|          | 0/9 [00:00<?, ?it/s]  0%|          | 0/9 [00:00<?, ?it/s] 11%|█         | 1/9 [00:01<00:10,  1.34s/it] 11%|█         | 1/9 [00:01<00:08,  1.06s/it] 22%|██▏       | 2/9 [00:02<00:07,  1.08s/it] 22%|██▏       | 2/9 [00:02<00:09,  1.31s/it] 33%|███▎      | 3/9 [00:03<00:06,  1.08s/it] 33%|███▎      | 3/9 [00:03<00:08,  1.34s/it] 44%|████▍     | 4/9 [00:04<00:05,  1.09s/it] 44%|████▍     | 4/9 [00:05<00:06,  1.38s/it] 56%|█████▌    | 5/9 [00:05<00:04,  1.09s/it] 67%|██████▋   | 6/9 [00:06<00:03,  1.03s/it] 56%|█████▌    | 5/9 [00:06<00:05,  1.34s/it] 78%|███████▊  | 7/9 [00:07<00:02,  1.04s/it] 67%|██████▋   | 6/9 [00:07<00:03,  1.31s/it] 89%|████████▉ | 8/9 [00:08<00:01,  1.03s/it] 78%|███████▊  | 7/9 [00:09<00:02,  1.28s/it]100%|██████████| 9/9 [00:09<00:00,  1.03s/it] 89%|████████▉ | 8/9 [00:10<00:01,  1.26s/it]
  0%|          | 0/1 [00:00<?, ?it/s]100%|██████████| 1/1 [00:01<00:00,  1.00s/it]100%|██████████| 9/9 [00:11<00:00,  1.23s/it]
  0%|          | 0/1 [00:00<?, ?it/s]
  0%|          | 0/837 [00:00<?, ?it/s]
Traceback (most recent call last):
  File "../../standalone/CompoundScalling/CompoundScalling1.py", line 137, in <module>
    x, y = train_dataset.validation
  File "../../src/generators.py", line 43, in validation
    feature = self.dataset.extract_feature(raw_audio)
TypeError: extract_feature() missing 1 required positional argument: 'raw_data'
100%|██████████| 1/1 [00:01<00:00,  1.22s/it]srun: error: gpu-nc02: task 0: Exited with exit code 1

  0%|          | 0/837 [00:00<?, ?it/s]
Traceback (most recent call last):
  File "../../standalone/CompoundScalling/CompoundScalling1.py", line 137, in <module>
    x, y = train_dataset.validation
  File "../../src/generators.py", line 43, in validation
    feature = self.dataset.extract_feature(raw_audio)
TypeError: extract_feature() missing 1 required positional argument: 'raw_data'
srun: error: gpu-nc05: task 0: Exited with exit code 1
  0%|          | 0/9 [00:00<?, ?it/s]  0%|          | 0/9 [00:00<?, ?it/s] 11%|█         | 1/9 [00:01<00:08,  1.02s/it] 11%|█         | 1/9 [00:01<00:09,  1.22s/it] 22%|██▏       | 2/9 [00:02<00:07,  1.02s/it] 22%|██▏       | 2/9 [00:02<00:08,  1.23s/it] 33%|███▎      | 3/9 [00:03<00:06,  1.02s/it] 33%|███▎      | 3/9 [00:03<00:07,  1.24s/it] 44%|████▍     | 4/9 [00:04<00:05,  1.06s/it] 44%|████▍     | 4/9 [00:05<00:06,  1.28s/it] 56%|█████▌    | 5/9 [00:05<00:04,  1.04s/it] 67%|██████▋   | 6/9 [00:06<00:03,  1.02s/it] 56%|█████▌    | 5/9 [00:06<00:05,  1.29s/it] 78%|███████▊  | 7/9 [00:07<00:02,  1.04s/it] 67%|██████▋   | 6/9 [00:07<00:03,  1.25s/it] 89%|████████▉ | 8/9 [00:08<00:01,  1.04s/it] 78%|███████▊  | 7/9 [00:08<00:02,  1.24s/it]100%|██████████| 9/9 [00:09<00:00,  1.06s/it] 89%|████████▉ | 8/9 [00:09<00:01,  1.21s/it]
  0%|          | 0/1 [00:00<?, ?it/s]100%|██████████| 9/9 [00:11<00:00,  1.20s/it]100%|██████████| 1/1 [00:01<00:00,  1.01s/it]
  0%|          | 0/1 [00:00<?, ?it/s]
  0%|          | 0/837 [00:00<?, ?it/s]
Traceback (most recent call last):
  File "../../standalone/CompoundScalling/CompoundScalling1.py", line 137, in <module>
    x, y = train_dataset.validation
  File "../../src/generators.py", line 43, in validation
    feature = self.dataset.extract_feature(raw_audio)
TypeError: extract_feature() missing 1 required positional argument: 'raw_data'
100%|██████████| 1/1 [00:01<00:00,  1.17s/it]
  0%|          | 0/837 [00:00<?, ?it/s]
Traceback (most recent call last):
  File "../../standalone/CompoundScalling/CompoundScalling1.py", line 137, in <module>
    x, y = train_dataset.validation
  File "../../src/generators.py", line 43, in validation
    feature = self.dataset.extract_feature(raw_audio)
TypeError: extract_feature() missing 1 required positional argument: 'raw_data'
srun: error: gpu-nc02: task 0: Exited with exit code 1
srun: error: gpu-nc05: task 0: Exited with exit code 1
  0%|          | 0/9 [00:00<?, ?it/s]  0%|          | 0/9 [00:00<?, ?it/s] 11%|█         | 1/9 [00:00<00:07,  1.04it/s] 11%|█         | 1/9 [00:01<00:10,  1.28s/it] 22%|██▏       | 2/9 [00:01<00:06,  1.03it/s] 22%|██▏       | 2/9 [00:02<00:09,  1.31s/it] 33%|███▎      | 3/9 [00:02<00:05,  1.02it/s] 44%|████▍     | 4/9 [00:04<00:05,  1.05s/it] 33%|███▎      | 3/9 [00:03<00:07,  1.31s/it] 56%|█████▌    | 5/9 [00:05<00:04,  1.06s/it] 44%|████▍     | 4/9 [00:05<00:06,  1.33s/it] 67%|██████▋   | 6/9 [00:06<00:03,  1.01s/it] 56%|█████▌    | 5/9 [00:06<00:05,  1.32s/it] 78%|███████▊  | 7/9 [00:07<00:02,  1.04s/it] 67%|██████▋   | 6/9 [00:07<00:03,  1.29s/it] 89%|████████▉ | 8/9 [00:08<00:01,  1.04s/it]100%|██████████| 9/9 [00:09<00:00,  1.03s/it] 78%|███████▊  | 7/9 [00:09<00:02,  1.26s/it]
  0%|          | 0/1 [00:00<?, ?it/s] 89%|████████▉ | 8/9 [00:10<00:01,  1.21s/it]100%|██████████| 1/1 [00:00<00:00,  1.01it/s]100%|██████████| 9/9 [00:11<00:00,  1.19s/it]
  0%|          | 0/1 [00:00<?, ?it/s]
  0%|          | 0/837 [00:00<?, ?it/s]
Traceback (most recent call last):
  File "../../standalone/CompoundScalling/CompoundScalling1.py", line 137, in <module>
    x, y = train_dataset.validation
  File "../../src/generators.py", line 43, in validation
    feature = self.dataset.extract_feature(raw_audio)
TypeError: extract_feature() missing 1 required positional argument: 'raw_data'
100%|██████████| 1/1 [00:01<00:00,  1.76s/it]srun: error: gpu-nc02: task 0: Exited with exit code 1

  0%|          | 0/837 [00:00<?, ?it/s]
Traceback (most recent call last):
  File "../../standalone/CompoundScalling/CompoundScalling1.py", line 137, in <module>
    x, y = train_dataset.validation
  File "../../src/generators.py", line 43, in validation
    feature = self.dataset.extract_feature(raw_audio)
TypeError: extract_feature() missing 1 required positional argument: 'raw_data'
srun: error: gpu-nc05: task 0: Exited with exit code 1
  0%|          | 0/9 [00:00<?, ?it/s]  0%|          | 0/9 [00:00<?, ?it/s] 11%|█         | 1/9 [00:01<00:08,  1.01s/it] 11%|█         | 1/9 [00:01<00:10,  1.31s/it] 22%|██▏       | 2/9 [00:02<00:07,  1.04s/it] 22%|██▏       | 2/9 [00:02<00:08,  1.27s/it] 33%|███▎      | 3/9 [00:03<00:06,  1.07s/it] 33%|███▎      | 3/9 [00:03<00:07,  1.29s/it] 44%|████▍     | 4/9 [00:04<00:05,  1.13s/it] 44%|████▍     | 4/9 [00:05<00:06,  1.36s/it] 56%|█████▌    | 5/9 [00:05<00:04,  1.13s/it] 67%|██████▋   | 6/9 [00:06<00:03,  1.08s/it] 56%|█████▌    | 5/9 [00:06<00:05,  1.35s/it] 78%|███████▊  | 7/9 [00:07<00:02,  1.07s/it] 67%|██████▋   | 6/9 [00:07<00:03,  1.27s/it] 89%|████████▉ | 8/9 [00:08<00:01,  1.10s/it] 78%|███████▊  | 7/9 [00:08<00:02,  1.26s/it]100%|██████████| 9/9 [00:09<00:00,  1.07s/it] 89%|████████▉ | 8/9 [00:10<00:01,  1.22s/it]
  0%|          | 0/1 [00:00<?, ?it/s]100%|██████████| 9/9 [00:11<00:00,  1.21s/it]100%|██████████| 1/1 [00:01<00:00,  1.04s/it]
  0%|          | 0/1 [00:00<?, ?it/s]
  0%|          | 0/837 [00:00<?, ?it/s]
Traceback (most recent call last):
  File "../../standalone/CompoundScalling/CompoundScalling1.py", line 137, in <module>
    x, y = train_dataset.validation
  File "../../src/generators.py", line 43, in validation
    feature = self.dataset.extract_feature(raw_audio)
TypeError: extract_feature() missing 1 required positional argument: 'raw_data'
100%|██████████| 1/1 [00:01<00:00,  1.21s/it]
  0%|          | 0/837 [00:00<?, ?it/s]
Traceback (most recent call last):
  File "../../standalone/CompoundScalling/CompoundScalling1.py", line 137, in <module>
    x, y = train_dataset.validation
  File "../../src/generators.py", line 43, in validation
    feature = self.dataset.extract_feature(raw_audio)
TypeError: extract_feature() missing 1 required positional argument: 'raw_data'
srun: error: gpu-nc02: task 0: Exited with exit code 1
srun: error: gpu-nc05: task 0: Exited with exit code 1
  0%|          | 0/9 [00:00<?, ?it/s]  0%|          | 0/9 [00:00<?, ?it/s] 11%|█         | 1/9 [00:01<00:09,  1.13s/it] 11%|█         | 1/9 [00:01<00:10,  1.28s/it] 22%|██▏       | 2/9 [00:02<00:07,  1.11s/it] 22%|██▏       | 2/9 [00:02<00:08,  1.27s/it] 33%|███▎      | 3/9 [00:03<00:06,  1.11s/it] 33%|███▎      | 3/9 [00:03<00:07,  1.27s/it] 44%|████▍     | 4/9 [00:04<00:05,  1.15s/it] 44%|████▍     | 4/9 [00:05<00:06,  1.32s/it] 56%|█████▌    | 5/9 [00:05<00:04,  1.13s/it] 56%|█████▌    | 5/9 [00:06<00:05,  1.33s/it] 67%|██████▋   | 6/9 [00:06<00:03,  1.08s/it] 67%|██████▋   | 6/9 [00:07<00:03,  1.28s/it] 78%|███████▊  | 7/9 [00:07<00:02,  1.09s/it] 78%|███████▊  | 7/9 [00:09<00:02,  1.37s/it] 89%|████████▉ | 8/9 [00:09<00:01,  1.40s/it] 89%|████████▉ | 8/9 [00:10<00:01,  1.33s/it]100%|██████████| 9/9 [00:10<00:00,  1.30s/it]
  0%|          | 0/1 [00:00<?, ?it/s]100%|██████████| 9/9 [00:11<00:00,  1.33s/it]
  0%|          | 0/1 [00:00<?, ?it/s]100%|██████████| 1/1 [00:01<00:00,  1.11s/it]100%|██████████| 1/1 [00:01<00:00,  1.24s/it]
  0%|          | 0/837 [00:00<?, ?it/s]
Traceback (most recent call last):
  File "../../standalone/CompoundScalling/CompoundScalling1.py", line 137, in <module>
    x, y = train_dataset.validation
  File "../../src/generators.py", line 43, in validation
    feature = self.dataset.extract_feature(raw_audio)
TypeError: extract_feature() missing 1 required positional argument: 'raw_data'

  0%|          | 0/837 [00:00<?, ?it/s]
Traceback (most recent call last):
  File "../../standalone/CompoundScalling/CompoundScalling1.py", line 137, in <module>
    x, y = train_dataset.validation
  File "../../src/generators.py", line 43, in validation
    feature = self.dataset.extract_feature(raw_audio)
TypeError: extract_feature() missing 1 required positional argument: 'raw_data'
srun: error: gpu-nc02: task 0: Exited with exit code 1
srun: error: gpu-nc05: task 0: Exited with exit code 1
  0%|          | 0/9 [00:00<?, ?it/s]  0%|          | 0/9 [00:00<?, ?it/s] 11%|█         | 1/9 [00:01<00:09,  1.23s/it] 11%|█         | 1/9 [00:01<00:09,  1.16s/it] 22%|██▏       | 2/9 [00:02<00:08,  1.23s/it] 22%|██▏       | 2/9 [00:02<00:07,  1.10s/it] 33%|███▎      | 3/9 [00:03<00:06,  1.10s/it] 33%|███▎      | 3/9 [00:03<00:07,  1.26s/it] 44%|████▍     | 4/9 [00:04<00:05,  1.13s/it] 44%|████▍     | 4/9 [00:05<00:06,  1.33s/it] 56%|█████▌    | 5/9 [00:05<00:04,  1.12s/it] 56%|█████▌    | 5/9 [00:06<00:05,  1.34s/it] 67%|██████▋   | 6/9 [00:06<00:03,  1.06s/it] 67%|██████▋   | 6/9 [00:07<00:03,  1.28s/it] 78%|███████▊  | 7/9 [00:07<00:02,  1.07s/it] 78%|███████▊  | 7/9 [00:08<00:02,  1.24s/it] 89%|████████▉ | 8/9 [00:08<00:01,  1.17s/it] 89%|████████▉ | 8/9 [00:10<00:01,  1.20s/it]100%|██████████| 9/9 [00:10<00:00,  1.23s/it]100%|██████████| 9/9 [00:11<00:00,  1.21s/it]
  0%|          | 0/1 [00:00<?, ?it/s]
  0%|          | 0/1 [00:00<?, ?it/s]100%|██████████| 1/1 [00:01<00:00,  1.01s/it]100%|██████████| 1/1 [00:01<00:00,  1.23s/it]
  0%|          | 0/837 [00:00<?, ?it/s]
Traceback (most recent call last):
  File "../../standalone/CompoundScalling/CompoundScalling1.py", line 137, in <module>
    x, y = train_dataset.validation
  File "../../src/generators.py", line 43, in validation
    feature = self.dataset.extract_feature(raw_audio)
TypeError: extract_feature() missing 1 required positional argument: 'raw_data'

  0%|          | 0/837 [00:00<?, ?it/s]
Traceback (most recent call last):
  File "../../standalone/CompoundScalling/CompoundScalling1.py", line 137, in <module>
    x, y = train_dataset.validation
  File "../../src/generators.py", line 43, in validation
    feature = self.dataset.extract_feature(raw_audio)
TypeError: extract_feature() missing 1 required positional argument: 'raw_data'
srun: error: gpu-nc02: task 0: Exited with exit code 1
srun: error: gpu-nc05: task 0: Exited with exit code 1
  0%|          | 0/9 [00:00<?, ?it/s]  0%|          | 0/9 [00:00<?, ?it/s] 11%|█         | 1/9 [00:01<00:08,  1.06s/it] 11%|█         | 1/9 [00:01<00:09,  1.20s/it] 22%|██▏       | 2/9 [00:02<00:07,  1.06s/it] 22%|██▏       | 2/9 [00:02<00:08,  1.26s/it] 33%|███▎      | 3/9 [00:03<00:06,  1.06s/it] 33%|███▎      | 3/9 [00:03<00:07,  1.29s/it] 44%|████▍     | 4/9 [00:04<00:05,  1.11s/it] 56%|█████▌    | 5/9 [00:05<00:04,  1.12s/it] 44%|████▍     | 4/9 [00:05<00:06,  1.34s/it] 67%|██████▋   | 6/9 [00:06<00:03,  1.08s/it] 56%|█████▌    | 5/9 [00:06<00:05,  1.32s/it] 78%|███████▊  | 7/9 [00:07<00:02,  1.07s/it] 67%|██████▋   | 6/9 [00:07<00:03,  1.28s/it] 89%|████████▉ | 8/9 [00:08<00:01,  1.06s/it] 78%|███████▊  | 7/9 [00:09<00:02,  1.25s/it]100%|██████████| 9/9 [00:09<00:00,  1.06s/it]
  0%|          | 0/1 [00:00<?, ?it/s] 89%|████████▉ | 8/9 [00:10<00:01,  1.23s/it]100%|██████████| 1/1 [00:01<00:00,  1.00s/it]100%|██████████| 9/9 [00:11<00:00,  1.19s/it]
  0%|          | 0/1 [00:00<?, ?it/s]
  0%|          | 0/837 [00:00<?, ?it/s]
Traceback (most recent call last):
  File "../../standalone/CompoundScalling/CompoundScalling1.py", line 137, in <module>
    x, y = train_dataset.validation
  File "../../src/generators.py", line 43, in validation
    feature = self.dataset.extract_feature(raw_audio)
TypeError: extract_feature() missing 1 required positional argument: 'raw_data'
100%|██████████| 1/1 [00:01<00:00,  1.20s/it]srun: error: gpu-nc02: task 0: Exited with exit code 1

  0%|          | 0/837 [00:00<?, ?it/s]
Traceback (most recent call last):
  File "../../standalone/CompoundScalling/CompoundScalling1.py", line 137, in <module>
    x, y = train_dataset.validation
  File "../../src/generators.py", line 43, in validation
    feature = self.dataset.extract_feature(raw_audio)
TypeError: extract_feature() missing 1 required positional argument: 'raw_data'
srun: error: gpu-nc05: task 0: Exited with exit code 1
  0%|          | 0/9 [00:00<?, ?it/s]  0%|          | 0/9 [00:00<?, ?it/s] 11%|█         | 1/9 [00:01<00:08,  1.07s/it] 11%|█         | 1/9 [00:01<00:09,  1.24s/it] 22%|██▏       | 2/9 [00:02<00:07,  1.06s/it] 22%|██▏       | 2/9 [00:02<00:08,  1.26s/it] 33%|███▎      | 3/9 [00:03<00:06,  1.10s/it] 33%|███▎      | 3/9 [00:03<00:07,  1.29s/it] 44%|████▍     | 4/9 [00:04<00:05,  1.14s/it] 44%|████▍     | 4/9 [00:05<00:06,  1.34s/it] 56%|█████▌    | 5/9 [00:05<00:04,  1.10s/it] 67%|██████▋   | 6/9 [00:06<00:03,  1.06s/it] 56%|█████▌    | 5/9 [00:06<00:05,  1.36s/it] 78%|███████▊  | 7/9 [00:07<00:02,  1.05s/it] 67%|██████▋   | 6/9 [00:07<00:03,  1.31s/it] 89%|████████▉ | 8/9 [00:08<00:01,  1.04s/it] 78%|███████▊  | 7/9 [00:09<00:02,  1.30s/it]100%|██████████| 9/9 [00:09<00:00,  1.05s/it]
  0%|          | 0/1 [00:00<?, ?it/s] 89%|████████▉ | 8/9 [00:10<00:01,  1.25s/it]100%|██████████| 1/1 [00:00<00:00,  1.03it/s]100%|██████████| 9/9 [00:11<00:00,  1.21s/it]
  0%|          | 0/1 [00:00<?, ?it/s]
  0%|          | 0/837 [00:00<?, ?it/s]
Traceback (most recent call last):
  File "../../standalone/CompoundScalling/CompoundScalling1.py", line 137, in <module>
    x, y = train_dataset.validation
  File "../../src/generators.py", line 43, in validation
    feature = self.dataset.extract_feature(raw_audio)
TypeError: extract_feature() missing 1 required positional argument: 'raw_data'
100%|██████████| 1/1 [00:01<00:00,  1.19s/it]srun: error: gpu-nc02: task 0: Exited with exit code 1

  0%|          | 0/837 [00:00<?, ?it/s]
Traceback (most recent call last):
  File "../../standalone/CompoundScalling/CompoundScalling1.py", line 137, in <module>
    x, y = train_dataset.validation
  File "../../src/generators.py", line 43, in validation
    feature = self.dataset.extract_feature(raw_audio)
TypeError: extract_feature() missing 1 required positional argument: 'raw_data'
srun: error: gpu-nc05: task 0: Exited with exit code 1
  0%|          | 0/9 [00:00<?, ?it/s]  0%|          | 0/9 [00:00<?, ?it/s] 11%|█         | 1/9 [00:01<00:08,  1.07s/it] 11%|█         | 1/9 [00:01<00:10,  1.26s/it] 22%|██▏       | 2/9 [00:02<00:07,  1.07s/it] 22%|██▏       | 2/9 [00:02<00:08,  1.28s/it] 33%|███▎      | 3/9 [00:03<00:06,  1.07s/it] 33%|███▎      | 3/9 [00:03<00:07,  1.28s/it] 44%|████▍     | 4/9 [00:04<00:05,  1.11s/it] 44%|████▍     | 4/9 [00:05<00:06,  1.32s/it] 56%|█████▌    | 5/9 [00:05<00:04,  1.11s/it] 67%|██████▋   | 6/9 [00:06<00:03,  1.07s/it] 56%|█████▌    | 5/9 [00:06<00:05,  1.36s/it] 78%|███████▊  | 7/9 [00:07<00:02,  1.05s/it] 67%|██████▋   | 6/9 [00:07<00:03,  1.31s/it] 89%|████████▉ | 8/9 [00:08<00:01,  1.06s/it] 78%|███████▊  | 7/9 [00:09<00:02,  1.28s/it]100%|██████████| 9/9 [00:09<00:00,  1.07s/it] 89%|████████▉ | 8/9 [00:10<00:01,  1.22s/it]
  0%|          | 0/1 [00:00<?, ?it/s]100%|██████████| 9/9 [00:11<00:00,  1.19s/it]100%|██████████| 1/1 [00:00<00:00,  1.00it/s]
  0%|          | 0/1 [00:00<?, ?it/s]
  0%|          | 0/837 [00:00<?, ?it/s]
Traceback (most recent call last):
  File "../../standalone/CompoundScalling/CompoundScalling1.py", line 137, in <module>
    x, y = train_dataset.validation
  File "../../src/generators.py", line 43, in validation
    feature = self.dataset.extract_feature(raw_audio)
TypeError: extract_feature() missing 1 required positional argument: 'raw_data'
100%|██████████| 1/1 [00:01<00:00,  1.21s/it]
  0%|          | 0/837 [00:00<?, ?it/s]
Traceback (most recent call last):
  File "../../standalone/CompoundScalling/CompoundScalling1.py", line 137, in <module>
    x, y = train_dataset.validation
  File "../../src/generators.py", line 43, in validation
    feature = self.dataset.extract_feature(raw_audio)
TypeError: extract_feature() missing 1 required positional argument: 'raw_data'
srun: error: gpu-nc02: task 0: Exited with exit code 1
srun: error: gpu-nc05: task 0: Exited with exit code 1
  0%|          | 0/9 [00:00<?, ?it/s]  0%|          | 0/9 [00:00<?, ?it/s] 11%|█         | 1/9 [00:01<00:09,  1.19s/it] 11%|█         | 1/9 [00:01<00:09,  1.14s/it] 22%|██▏       | 2/9 [00:02<00:07,  1.11s/it] 22%|██▏       | 2/9 [00:02<00:08,  1.21s/it] 33%|███▎      | 3/9 [00:03<00:06,  1.12s/it] 33%|███▎      | 3/9 [00:03<00:07,  1.24s/it] 44%|████▍     | 4/9 [00:04<00:05,  1.15s/it] 44%|████▍     | 4/9 [00:05<00:06,  1.33s/it] 56%|█████▌    | 5/9 [00:05<00:04,  1.15s/it] 56%|█████▌    | 5/9 [00:06<00:05,  1.33s/it] 67%|██████▋   | 6/9 [00:06<00:03,  1.09s/it] 67%|██████▋   | 6/9 [00:07<00:03,  1.30s/it] 78%|███████▊  | 7/9 [00:07<00:02,  1.09s/it] 78%|███████▊  | 7/9 [00:09<00:02,  1.26s/it] 89%|████████▉ | 8/9 [00:08<00:01,  1.08s/it]100%|██████████| 9/9 [00:09<00:00,  1.07s/it] 89%|████████▉ | 8/9 [00:10<00:01,  1.24s/it]
  0%|          | 0/1 [00:00<?, ?it/s]100%|██████████| 9/9 [00:11<00:00,  1.22s/it]100%|██████████| 1/1 [00:01<00:00,  1.05s/it]
  0%|          | 0/1 [00:00<?, ?it/s]100%|██████████| 1/1 [00:01<00:00,  1.16s/it]
  0%|          | 0/837 [00:00<?, ?it/s]
Traceback (most recent call last):
  File "../../standalone/CompoundScalling/CompoundScalling1.py", line 137, in <module>
    x, y = train_dataset.validation
  File "../../src/generators.py", line 43, in validation
    feature = self.dataset.extract_feature(raw_audio)
TypeError: extract_feature() missing 1 required positional argument: 'raw_data'

  0%|          | 0/837 [00:00<?, ?it/s]
Traceback (most recent call last):
  File "../../standalone/CompoundScalling/CompoundScalling1.py", line 137, in <module>
    x, y = train_dataset.validation
  File "../../src/generators.py", line 43, in validation
    feature = self.dataset.extract_feature(raw_audio)
TypeError: extract_feature() missing 1 required positional argument: 'raw_data'
srun: error: gpu-nc02: task 0: Exited with exit code 1
srun: error: gpu-nc05: task 0: Exited with exit code 1
  0%|          | 0/9 [00:00<?, ?it/s]  0%|          | 0/9 [00:00<?, ?it/s] 11%|█         | 1/9 [00:01<00:08,  1.07s/it] 11%|█         | 1/9 [00:01<00:09,  1.25s/it] 22%|██▏       | 2/9 [00:02<00:07,  1.08s/it] 22%|██▏       | 2/9 [00:02<00:08,  1.22s/it] 33%|███▎      | 3/9 [00:03<00:06,  1.07s/it] 33%|███▎      | 3/9 [00:03<00:07,  1.25s/it] 44%|████▍     | 4/9 [00:04<00:05,  1.11s/it] 44%|████▍     | 4/9 [00:05<00:06,  1.27s/it] 56%|█████▌    | 5/9 [00:05<00:04,  1.11s/it] 67%|██████▋   | 6/9 [00:06<00:03,  1.09s/it] 78%|███████▊  | 7/9 [00:07<00:02,  1.12s/it] 89%|████████▉ | 8/9 [00:08<00:01,  1.13s/it] 56%|█████▌    | 5/9 [00:08<00:08,  2.06s/it]100%|██████████| 9/9 [00:10<00:00,  1.12s/it] 67%|██████▋   | 6/9 [00:10<00:05,  1.78s/it]
  0%|          | 0/1 [00:00<?, ?it/s]100%|██████████| 1/1 [00:01<00:00,  1.02s/it] 78%|███████▊  | 7/9 [00:11<00:03,  1.62s/it] 89%|████████▉ | 8/9 [00:12<00:01,  1.49s/it]
  0%|          | 0/837 [00:00<?, ?it/s]
Traceback (most recent call last):
  File "../../standalone/CompoundScalling/CompoundScalling1.py", line 137, in <module>
    x, y = train_dataset.validation
  File "../../src/generators.py", line 43, in validation
    feature = self.dataset.extract_feature(raw_audio)
TypeError: extract_feature() missing 1 required positional argument: 'raw_data'
100%|██████████| 9/9 [00:13<00:00,  1.37s/it]
  0%|          | 0/1 [00:00<?, ?it/s]srun: error: gpu-nc02: task 0: Exited with exit code 1
100%|██████████| 1/1 [00:01<00:00,  1.28s/it]
  0%|          | 0/837 [00:00<?, ?it/s]
Traceback (most recent call last):
  File "../../standalone/CompoundScalling/CompoundScalling1.py", line 137, in <module>
    x, y = train_dataset.validation
  File "../../src/generators.py", line 43, in validation
    feature = self.dataset.extract_feature(raw_audio)
TypeError: extract_feature() missing 1 required positional argument: 'raw_data'
srun: error: gpu-nc05: task 0: Exited with exit code 1
  0%|          | 0/9 [00:00<?, ?it/s]  0%|          | 0/9 [00:00<?, ?it/s] 11%|█         | 1/9 [00:01<00:08,  1.07s/it] 11%|█         | 1/9 [00:01<00:08,  1.10s/it] 22%|██▏       | 2/9 [00:02<00:07,  1.09s/it] 22%|██▏       | 2/9 [00:02<00:07,  1.14s/it] 33%|███▎      | 3/9 [00:03<00:06,  1.07s/it] 33%|███▎      | 3/9 [00:03<00:07,  1.20s/it] 44%|████▍     | 4/9 [00:04<00:05,  1.12s/it] 44%|████▍     | 4/9 [00:05<00:06,  1.25s/it] 56%|█████▌    | 5/9 [00:05<00:04,  1.13s/it] 56%|█████▌    | 5/9 [00:06<00:05,  1.27s/it] 67%|██████▋   | 6/9 [00:06<00:03,  1.08s/it] 67%|██████▋   | 6/9 [00:07<00:03,  1.24s/it] 78%|███████▊  | 7/9 [00:07<00:02,  1.08s/it] 78%|███████▊  | 7/9 [00:08<00:02,  1.22s/it] 89%|████████▉ | 8/9 [00:08<00:01,  1.07s/it] 89%|████████▉ | 8/9 [00:09<00:01,  1.18s/it]100%|██████████| 9/9 [00:09<00:00,  1.06s/it]
  0%|          | 0/1 [00:00<?, ?it/s]100%|██████████| 9/9 [00:10<00:00,  1.17s/it]
  0%|          | 0/1 [00:00<?, ?it/s]100%|██████████| 1/1 [00:01<00:00,  1.06s/it]100%|██████████| 1/1 [00:01<00:00,  1.20s/it]
  0%|          | 0/837 [00:00<?, ?it/s]
Traceback (most recent call last):
  File "../../standalone/CompoundScalling/CompoundScalling1.py", line 137, in <module>
    x, y = train_dataset.validation
  File "../../src/generators.py", line 43, in validation
    feature = self.dataset.extract_feature(raw_audio)
TypeError: extract_feature() missing 1 required positional argument: 'raw_data'

  0%|          | 0/837 [00:00<?, ?it/s]
Traceback (most recent call last):
  File "../../standalone/CompoundScalling/CompoundScalling1.py", line 137, in <module>
    x, y = train_dataset.validation
  File "../../src/generators.py", line 43, in validation
    feature = self.dataset.extract_feature(raw_audio)
TypeError: extract_feature() missing 1 required positional argument: 'raw_data'
srun: error: gpu-nc05: task 0: Exited with exit code 1
srun: error: gpu-nc02: task 0: Exited with exit code 1
  0%|          | 0/9 [00:00<?, ?it/s]  0%|          | 0/9 [00:00<?, ?it/s] 11%|█         | 1/9 [00:01<00:09,  1.22s/it] 11%|█         | 1/9 [00:01<00:08,  1.06s/it] 22%|██▏       | 2/9 [00:02<00:07,  1.05s/it] 33%|███▎      | 3/9 [00:03<00:06,  1.10s/it] 22%|██▏       | 2/9 [00:04<00:11,  1.70s/it] 44%|████▍     | 4/9 [00:04<00:05,  1.12s/it] 33%|███▎      | 3/9 [00:05<00:09,  1.57s/it] 56%|█████▌    | 5/9 [00:05<00:04,  1.14s/it] 44%|████▍     | 4/9 [00:06<00:07,  1.52s/it] 67%|██████▋   | 6/9 [00:06<00:03,  1.08s/it] 78%|███████▊  | 7/9 [00:07<00:02,  1.08s/it] 56%|█████▌    | 5/9 [00:08<00:06,  1.50s/it] 89%|████████▉ | 8/9 [00:08<00:01,  1.07s/it] 67%|██████▋   | 6/9 [00:09<00:04,  1.40s/it]100%|██████████| 9/9 [00:09<00:00,  1.07s/it] 78%|███████▊  | 7/9 [00:10<00:02,  1.33s/it]
  0%|          | 0/1 [00:00<?, ?it/s] 89%|████████▉ | 8/9 [00:11<00:01,  1.26s/it]100%|██████████| 1/1 [00:01<00:00,  1.02s/it]100%|██████████| 9/9 [00:12<00:00,  1.27s/it]
  0%|          | 0/837 [00:00<?, ?it/s]
Traceback (most recent call last):
  File "../../standalone/CompoundScalling/CompoundScalling1.py", line 137, in <module>
    x, y = train_dataset.validation
  File "../../src/generators.py", line 43, in validation
    feature = self.dataset.extract_feature(raw_audio)
TypeError: extract_feature() missing 1 required positional argument: 'raw_data'

  0%|          | 0/1 [00:00<?, ?it/s]100%|██████████| 1/1 [00:01<00:00,  1.10s/it]srun: error: gpu-nc02: task 0: Exited with exit code 1

  0%|          | 0/837 [00:00<?, ?it/s]
Traceback (most recent call last):
  File "../../standalone/CompoundScalling/CompoundScalling1.py", line 137, in <module>
    x, y = train_dataset.validation
  File "../../src/generators.py", line 43, in validation
    feature = self.dataset.extract_feature(raw_audio)
TypeError: extract_feature() missing 1 required positional argument: 'raw_data'
srun: error: gpu-nc05: task 0: Exited with exit code 1
